(node:15504) [DEP0060] DeprecationWarning: The `util._extend` API is deprecated. Please use Object.assign() instead.
(Use `node --trace-deprecation ...` to show where the warning was created)
Failed to proxy http://localhost:5000/api/lancamentos/resumo AggregateError: 
    at ignore-listed frames {
  code: 'ECONNREFUSED'
}
AggregateError: 
    at ignore-listed frames {
  code: 'ECONNREFUSED'
}
Failed to proxy http://localhost:5000/api/cartoes AggregateError: 
    at ignore-listed frames {
  code: 'ECONNREFUSED'
}
AggregateError: 
    at ignore-listed frames {
  code: 'ECONNREFUSED'
}
Failed to proxy http://localhost:5000/api/categorias AggregateError: 
    at ignore-listed frames {
  code: 'ECONNREFUSED'
}
AggregateError: 
    at ignore-listed frames {
  code: 'ECONNREFUSED'
}
Failed to proxy http://localhost:5000/api/lancamentos/resumo AggregateError: 
    at ignore-listed frames {
  code: 'ECONNREFUSED'
}
AggregateError: 
    at ignore-listed frames {
  code: 'ECONNREFUSED'
}
Failed to proxy http://localhost:5000/api/cartoes AggregateError: 
    at ignore-listed frames {
  code: 'ECONNREFUSED'
}
AggregateError: 
    at ignore-listed frames {
  code: 'ECONNREFUSED'
}
Failed to proxy http://localhost:5000/api/categorias AggregateError: 
    at ignore-listed frames {
  code: 'ECONNREFUSED'
}
AggregateError: 
    at ignore-listed frames {
  code: 'ECONNREFUSED'
}
^C^C